Using pre-set license
Built from '2020.3/staging' branch; Version is '2020.3.13f1 (71691879b7f5) revision 7432472'; Using compiler version '192528614'; Build Type 'Release'
OS: 'Windows 10 Home; OS build 19041.1415; Version 2004; 64bit' Language: 'tr' Physical Memory: 16314 MB
BatchMode: 1, IsHumanControllingUs: 0, StartBugReporterOnCrash: 0, Is64bit: 1, IsPro: 0

 COMMAND LINE ARGUMENTS:
C:\Program Files\Unity\Hub\Editor\2020.3.13f1\Editor\Unity.exe
-adb2
-batchMode
-noUpm
-name
AssetImportWorker0
-projectPath
C:/UnityProjects/Cartoonz Case
-logFile
Logs/AssetImportWorker0.log
-srvPort
51314
Successfully changed project path to: C:/UnityProjects/Cartoonz Case
C:/UnityProjects/Cartoonz Case
Using Asset Import Pipeline V2.
Refreshing native plugins compatible for Editor in 24.24 ms, found 2 plugins.
Preloading 0 native plugins for Editor in 0.00 ms.
Initialize engine version: 2020.3.13f1 (71691879b7f5)
[Subsystems] Discovering subsystems at path C:/Program Files/Unity/Hub/Editor/2020.3.13f1/Editor/Data/Resources/UnitySubsystems
[Subsystems] Discovering subsystems at path C:/UnityProjects/Cartoonz Case/Assets
GfxDevice: creating device client; threaded=0
Direct3D:
    Version:  Direct3D 11.0 [level 11.1]
    Renderer: NVIDIA GeForce GTX 1070 (ID=0x1b81)
    Vendor:   
    VRAM:     8088 MB
    Driver:   30.0.14.7111
Initialize mono
Mono path[0] = 'C:/Program Files/Unity/Hub/Editor/2020.3.13f1/Editor/Data/Managed'
Mono path[1] = 'C:/Program Files/Unity/Hub/Editor/2020.3.13f1/Editor/Data/MonoBleedingEdge/lib/mono/unityjit'
Mono config path = 'C:/Program Files/Unity/Hub/Editor/2020.3.13f1/Editor/Data/MonoBleedingEdge/etc'
Using monoOptions --debugger-agent=transport=dt_socket,embedding=1,server=y,suspend=n,address=127.0.0.1:56336
Begin MonoManager ReloadAssembly
Registering precompiled unity dll's ...
Register platform support module: C:/Program Files/Unity/Hub/Editor/2020.3.13f1/Editor/Data/PlaybackEngines/WindowsStandaloneSupport/UnityEditor.WindowsStandalone.Extensions.dll
Registered in 0.002164 seconds.
Native extension for WindowsStandalone target not found
Refreshing native plugins compatible for Editor in 25.89 ms, found 2 plugins.
Preloading 0 native plugins for Editor in 0.00 ms.
Mono: successfully reloaded assembly
- Completed reload, in  1.583 seconds
Platform modules already initialized, skipping
Registering precompiled user dll's ...
Registered in 0.003993 seconds.
Begin MonoManager ReloadAssembly
Native extension for WindowsStandalone target not found
Refreshing native plugins compatible for Editor in 0.25 ms, found 2 plugins.
Preloading 0 native plugins for Editor in 0.00 ms.
Mono: successfully reloaded assembly
- Completed reload, in  0.868 seconds
Platform modules already initialized, skipping
========================================================================
Worker process is ready to serve import requests
Launched and connected shader compiler UnityShaderCompiler.exe after 0.03 seconds
Refreshing native plugins compatible for Editor in 0.23 ms, found 2 plugins.
Preloading 0 native plugins for Editor in 0.00 ms.
Unloading 1390 Unused Serialized files (Serialized files now loaded: 0)
System memory in use before: 64.8 MB.
System memory in use after: 64.8 MB.

Unloading 19 unused Assets to reduce memory usage. Loaded Objects now: 1823.
Total: 1.550200 ms (FindLiveObjects: 0.125300 ms CreateObjectMapping: 0.037300 ms MarkObjects: 1.328100 ms  DeleteObjects: 0.058600 ms)

AssetImportParameters requested are different than current active one (requested -> active):
  custom:framework-win-MediaFoundation: 216162199b28c13a410421893ffa2e32 -> 
  custom:video-decoder-ogg-theora: a1e56fd34408186e4bbccfd4996cb3dc -> 
  custom:container-muxer-webm: aa71ff27fc2769a1b78a27578f13a17b -> 
  custom:container-demuxer-webm: 4f35f7cbe854078d1ac9338744f61a02 -> 
  custom:container-demuxer-ogg: 62fdf1f143b41e24485cea50d1cbac27 -> 
  custom:video-encoder-webm-vp8: eb34c28f22e8b96e1ab97ce403110664 -> 
  custom:video-decoder-webm-vp8: 9c59270c3fd7afecdb556c50c9e8de78 -> 
  custom:audio-decoder-ogg-vorbis: bf7c407c2cedff20999df2af8eb42d56 -> 
  custom:audio-encoder-webm-vorbis: bf7c407c2cedff20999df2af8eb42d56 -> 
========================================================================
Received Import Request.
  path: Assets/Scenes
  artifactKey: Guid(ec71d001068e1ff45b0ce42624946a39) Importer(815301076,1909f56bfc062723c751e8b465ee728b)
Start importing Assets/Scenes using Guid(ec71d001068e1ff45b0ce42624946a39) Importer(815301076,1909f56bfc062723c751e8b465ee728b)  -> (artifact id: 'fe8b533d55ec97ae72585f47e4906e65') in 0.007757 seconds 
  Import took 0.009419 seconds .

========================================================================
Received Import Request.
  Time since last request: 0.000196 seconds.
  path: Assets/Scenes/SampleScene.unity
  artifactKey: Guid(9fc0d4010bbf28b4594072e72b8655ab) Importer(815301076,1909f56bfc062723c751e8b465ee728b)
Start importing Assets/Scenes/SampleScene.unity using Guid(9fc0d4010bbf28b4594072e72b8655ab) Importer(815301076,1909f56bfc062723c751e8b465ee728b)  -> (artifact id: '85059f4f9e1a832ed95adaa0d25c5c4c') in 0.014556 seconds 
  Import took 0.016393 seconds .

========================================================================
Received Import Request.
  Time since last request: 6.617218 seconds.
  path: Assets/Scenes/GameScene.unity
  artifactKey: Guid(9fc0d4010bbf28b4594072e72b8655ab) Importer(815301076,1909f56bfc062723c751e8b465ee728b)
Start importing Assets/Scenes/GameScene.unity using Guid(9fc0d4010bbf28b4594072e72b8655ab) Importer(815301076,1909f56bfc062723c751e8b465ee728b)  -> (artifact id: '682366d9821b0309fbf90d664b092be1') in 0.008035 seconds 
  Import took 0.012468 seconds .

========================================================================
Received Import Request.
  Time since last request: 7.259104 seconds.
  path: Assets
  artifactKey: Guid(00000000000000001000000000000000) Importer(815301076,1909f56bfc062723c751e8b465ee728b)
Start importing Assets using Guid(00000000000000001000000000000000) Importer(815301076,1909f56bfc062723c751e8b465ee728b)  -> (artifact id: '42d402b061de3733987d63b9cc3b64de') in 0.006724 seconds 
  Import took 0.008592 seconds .

========================================================================
Received Import Request.
  Time since last request: 7.071646 seconds.
  path: Assets/Scripts
  artifactKey: Guid(73945f6a36c015b4d8b1fd148b0b6309) Importer(815301076,1909f56bfc062723c751e8b465ee728b)
Start importing Assets/Scripts using Guid(73945f6a36c015b4d8b1fd148b0b6309) Importer(815301076,1909f56bfc062723c751e8b465ee728b)  -> (artifact id: 'c8011f7b8ca525a3cb36794cd15b9fa0') in 0.011689 seconds 
  Import took 0.013569 seconds .

========================================================================
Received Import Request.
  Time since last request: 20.766958 seconds.
  path: Assets/Scripts/Board.cs
  artifactKey: Guid(fc5aaaa53ba2684428e1283e289d7d28) Importer(815301076,1909f56bfc062723c751e8b465ee728b)
Start importing Assets/Scripts/Board.cs using Guid(fc5aaaa53ba2684428e1283e289d7d28) Importer(815301076,1909f56bfc062723c751e8b465ee728b)  -> (artifact id: '4d3eab10d4f354200862f75f567fb11f') in 0.040405 seconds 
  Import took 0.042178 seconds .

========================================================================
Received Prepare
Registering precompiled user dll's ...
Registered in 0.004408 seconds.
Begin MonoManager ReloadAssembly
Native extension for WindowsStandalone target not found
Refreshing native plugins compatible for Editor in 0.24 ms, found 2 plugins.
Preloading 0 native plugins for Editor in 0.00 ms.
Mono: successfully reloaded assembly
- Completed reload, in  0.912 seconds
Platform modules already initialized, skipping
Refreshing native plugins compatible for Editor in 0.24 ms, found 2 plugins.
Preloading 0 native plugins for Editor in 0.00 ms.
Unloading 1386 Unused Serialized files (Serialized files now loaded: 0)
System memory in use before: 64.8 MB.
System memory in use after: 64.9 MB.

Unloading 14 unused Assets to reduce memory usage. Loaded Objects now: 1827.
Total: 1.527700 ms (FindLiveObjects: 0.113100 ms CreateObjectMapping: 0.040300 ms MarkObjects: 1.327900 ms  DeleteObjects: 0.045300 ms)

AssetImportParameters requested are different than current active one (requested -> active):
  custom:framework-win-MediaFoundation: 216162199b28c13a410421893ffa2e32 -> 
  custom:video-decoder-ogg-theora: a1e56fd34408186e4bbccfd4996cb3dc -> 
  custom:container-muxer-webm: aa71ff27fc2769a1b78a27578f13a17b -> 
  custom:container-demuxer-webm: 4f35f7cbe854078d1ac9338744f61a02 -> 
  custom:container-demuxer-ogg: 62fdf1f143b41e24485cea50d1cbac27 -> 
  custom:video-encoder-webm-vp8: eb34c28f22e8b96e1ab97ce403110664 -> 
  custom:video-decoder-webm-vp8: 9c59270c3fd7afecdb556c50c9e8de78 -> 
  custom:audio-decoder-ogg-vorbis: bf7c407c2cedff20999df2af8eb42d56 -> 
  custom:audio-encoder-webm-vorbis: bf7c407c2cedff20999df2af8eb42d56 -> 
========================================================================
Received Import Request.
  Time since last request: 14.943800 seconds.
  path: Assets/Prefabs
  artifactKey: Guid(b00d3efc22dcee143b16f291fa60b1c1) Importer(815301076,1909f56bfc062723c751e8b465ee728b)
Start importing Assets/Prefabs using Guid(b00d3efc22dcee143b16f291fa60b1c1) Importer(815301076,1909f56bfc062723c751e8b465ee728b)  -> (artifact id: '6574dc974693830831412d55bfeb7582') in 0.008026 seconds 
  Import took 0.011076 seconds .

========================================================================
Received Import Request.
  Time since last request: 6.498716 seconds.
  path: Assets/Sprites
  artifactKey: Guid(2c22a97fa7517954eb2280b151bdbc65) Importer(815301076,1909f56bfc062723c751e8b465ee728b)
Start importing Assets/Sprites using Guid(2c22a97fa7517954eb2280b151bdbc65) Importer(815301076,1909f56bfc062723c751e8b465ee728b)  -> (artifact id: 'f0757024fb492d53d0f5d3359d7d655a') in 0.007864 seconds 
  Import took 0.009891 seconds .

========================================================================
Received Import Request.
  Time since last request: 19.569352 seconds.
  path: Assets/Sprites/dropB.png
  artifactKey: Guid(cbc39272a355f9a4a9ad46f9e68b9f26) Importer(815301076,1909f56bfc062723c751e8b465ee728b)
Start importing Assets/Sprites/dropB.png using Guid(cbc39272a355f9a4a9ad46f9e68b9f26) Importer(815301076,1909f56bfc062723c751e8b465ee728b)  -> (artifact id: '34df7aeb7cbe48e7a8280ead8b65fa89') in 0.059670 seconds 
  Import took 0.061518 seconds .

========================================================================
Received Import Request.
  Time since last request: 0.000237 seconds.
  path: Assets/Sprites/dropG.png
  artifactKey: Guid(b7dc4b67bfb3f39408c77f82e4cd5be4) Importer(815301076,1909f56bfc062723c751e8b465ee728b)
Start importing Assets/Sprites/dropG.png using Guid(b7dc4b67bfb3f39408c77f82e4cd5be4) Importer(815301076,1909f56bfc062723c751e8b465ee728b)  -> (artifact id: 'd009c6d9e324eb9b5403897eacb35a91') in 0.012333 seconds 
  Import took 0.014219 seconds .

========================================================================
Received Import Request.
  Time since last request: 0.000248 seconds.
  path: Assets/Sprites/dropR.png
  artifactKey: Guid(f66bd90dcf485dd4d9d0005f730ce9df) Importer(815301076,1909f56bfc062723c751e8b465ee728b)
Start importing Assets/Sprites/dropR.png using Guid(f66bd90dcf485dd4d9d0005f730ce9df) Importer(815301076,1909f56bfc062723c751e8b465ee728b)  -> (artifact id: '2d611fa5c24f38d8d604fd65e727ec46') in 0.010528 seconds 
  Import took 0.012411 seconds .

========================================================================
Received Import Request.
  Time since last request: 0.000185 seconds.
  path: Assets/Sprites/dropY.png
  artifactKey: Guid(4f45804d3370e5e46815ad0b5d54eee1) Importer(815301076,1909f56bfc062723c751e8b465ee728b)
Start importing Assets/Sprites/dropY.png using Guid(4f45804d3370e5e46815ad0b5d54eee1) Importer(815301076,1909f56bfc062723c751e8b465ee728b)  -> (artifact id: '89b49cd2e8e29753865b30fe1298d4d8') in 0.014669 seconds 
  Import took 0.016593 seconds .

========================================================================
Received Import Request.
  Time since last request: 0.000295 seconds.
  path: Assets/Sprites/tile.png
  artifactKey: Guid(0392796943f310e4a97812a4df75e37c) Importer(815301076,1909f56bfc062723c751e8b465ee728b)
Start importing Assets/Sprites/tile.png using Guid(0392796943f310e4a97812a4df75e37c) Importer(815301076,1909f56bfc062723c751e8b465ee728b)  -> (artifact id: 'a4daa5d38cd5807e72fbc526af5b131a') in 0.009768 seconds 
  Import took 0.011587 seconds .

========================================================================
Received Import Request.
  Time since last request: 0.000248 seconds.
  path: Assets/Sprites/dropY.png
  artifactKey: Guid(4f45804d3370e5e46815ad0b5d54eee1) Importer(815301076,1909f56bfc062723c751e8b465ee728b)
Start importing Assets/Sprites/dropY.png using Guid(4f45804d3370e5e46815ad0b5d54eee1) Importer(815301076,1909f56bfc062723c751e8b465ee728b)  -> (artifact id: '89b49cd2e8e29753865b30fe1298d4d8') in 0.006073 seconds 
  Import took 0.008447 seconds .

========================================================================
Received Import Request.
  Time since last request: 115.578698 seconds.
  path: Assets/Sprites/dropY.png
  artifactKey: Guid(4f45804d3370e5e46815ad0b5d54eee1) Importer(815301076,1909f56bfc062723c751e8b465ee728b)
Start importing Assets/Sprites/dropY.png using Guid(4f45804d3370e5e46815ad0b5d54eee1) Importer(815301076,1909f56bfc062723c751e8b465ee728b)  -> (artifact id: 'd9b9861d7e5e01e269374b843e8f5914') in 0.006215 seconds 
  Import took 0.009509 seconds .

========================================================================
Received Import Request.
  Time since last request: 0.000234 seconds.
  path: Assets/Sprites/dropG.png
  artifactKey: Guid(b7dc4b67bfb3f39408c77f82e4cd5be4) Importer(815301076,1909f56bfc062723c751e8b465ee728b)
Start importing Assets/Sprites/dropG.png using Guid(b7dc4b67bfb3f39408c77f82e4cd5be4) Importer(815301076,1909f56bfc062723c751e8b465ee728b)  -> (artifact id: '2a08e766a04808ba00e60c27608224c6') in 0.006839 seconds 
  Import took 0.008875 seconds .

========================================================================
Received Import Request.
  Time since last request: 0.000047 seconds.
  path: Assets/Sprites/dropR.png
  artifactKey: Guid(f66bd90dcf485dd4d9d0005f730ce9df) Importer(815301076,1909f56bfc062723c751e8b465ee728b)
Start importing Assets/Sprites/dropR.png using Guid(f66bd90dcf485dd4d9d0005f730ce9df) Importer(815301076,1909f56bfc062723c751e8b465ee728b)  -> (artifact id: '4a7a9e35ab10a7c7ddf6ca4582fb4e12') in 0.008465 seconds 
  Import took 0.010515 seconds .

========================================================================
Received Import Request.
  Time since last request: 0.000212 seconds.
  path: Assets/Sprites/dropB.png
  artifactKey: Guid(cbc39272a355f9a4a9ad46f9e68b9f26) Importer(815301076,1909f56bfc062723c751e8b465ee728b)
Start importing Assets/Sprites/dropB.png using Guid(cbc39272a355f9a4a9ad46f9e68b9f26) Importer(815301076,1909f56bfc062723c751e8b465ee728b)  -> (artifact id: '1b600b58725f40f3ec7d5e5cf36e29c1') in 0.006596 seconds 
  Import took 0.008819 seconds .

========================================================================
Received Import Request.
  Time since last request: 22.204041 seconds.
  path: Assets/Sprites/dropB.png
  artifactKey: Guid(cbc39272a355f9a4a9ad46f9e68b9f26) Importer(815301076,1909f56bfc062723c751e8b465ee728b)
Start importing Assets/Sprites/dropB.png using Guid(cbc39272a355f9a4a9ad46f9e68b9f26) Importer(815301076,1909f56bfc062723c751e8b465ee728b)  -> (artifact id: '25d01f370c05ae8df905a23f6b2fda90') in 0.038062 seconds 
  Import took 0.039940 seconds .

========================================================================
Received Import Request.
  Time since last request: 0.000179 seconds.
  path: Assets/Sprites/dropG.png
  artifactKey: Guid(b7dc4b67bfb3f39408c77f82e4cd5be4) Importer(815301076,1909f56bfc062723c751e8b465ee728b)
Start importing Assets/Sprites/dropG.png using Guid(b7dc4b67bfb3f39408c77f82e4cd5be4) Importer(815301076,1909f56bfc062723c751e8b465ee728b)  -> (artifact id: 'e6a1cdeaeb8127596c0ba21b4a63e160') in 0.010055 seconds 
  Import took 0.011856 seconds .

========================================================================
Received Import Request.
  Time since last request: 0.000220 seconds.
  path: Assets/Sprites/dropR.png
  artifactKey: Guid(f66bd90dcf485dd4d9d0005f730ce9df) Importer(815301076,1909f56bfc062723c751e8b465ee728b)
Start importing Assets/Sprites/dropR.png using Guid(f66bd90dcf485dd4d9d0005f730ce9df) Importer(815301076,1909f56bfc062723c751e8b465ee728b)  -> (artifact id: '6f136f41e728c68ec2e61c4b6ea430c9') in 0.015501 seconds 
  Import took 0.017403 seconds .

========================================================================
Received Import Request.
  Time since last request: 0.000180 seconds.
  path: Assets/Sprites/dropY.png
  artifactKey: Guid(4f45804d3370e5e46815ad0b5d54eee1) Importer(815301076,1909f56bfc062723c751e8b465ee728b)
Start importing Assets/Sprites/dropY.png using Guid(4f45804d3370e5e46815ad0b5d54eee1) Importer(815301076,1909f56bfc062723c751e8b465ee728b)  -> (artifact id: '965f23306f3c63aea27de588c921765e') in 0.014023 seconds 
  Import took 0.015888 seconds .

========================================================================
Received Import Request.
  Time since last request: 51.603493 seconds.
  path: Assets/Scripts/Tile.cs
  artifactKey: Guid(d085357390874f043bf95708d89bb8cb) Importer(815301076,1909f56bfc062723c751e8b465ee728b)
Start importing Assets/Scripts/Tile.cs using Guid(d085357390874f043bf95708d89bb8cb) Importer(815301076,1909f56bfc062723c751e8b465ee728b)  -> (artifact id: '4f1abf5d749bad9fa83e29a4530bd1ff') in 0.005476 seconds 
  Import took 0.007988 seconds .

========================================================================
Received Prepare
Registering precompiled user dll's ...
Registered in 0.003618 seconds.
Begin MonoManager ReloadAssembly
Native extension for WindowsStandalone target not found
Refreshing native plugins compatible for Editor in 0.25 ms, found 2 plugins.
Preloading 0 native plugins for Editor in 0.00 ms.
Mono: successfully reloaded assembly
- Completed reload, in  0.845 seconds
Platform modules already initialized, skipping
Refreshing native plugins compatible for Editor in 0.24 ms, found 2 plugins.
Preloading 0 native plugins for Editor in 0.00 ms.
Unloading 1387 Unused Serialized files (Serialized files now loaded: 0)
System memory in use before: 67.9 MB.
System memory in use after: 68.0 MB.

Unloading 14 unused Assets to reduce memory usage. Loaded Objects now: 1837.
Total: 1.487600 ms (FindLiveObjects: 0.127600 ms CreateObjectMapping: 0.038100 ms MarkObjects: 1.281900 ms  DeleteObjects: 0.039200 ms)

AssetImportParameters requested are different than current active one (requested -> active):
  custom:framework-win-MediaFoundation: 216162199b28c13a410421893ffa2e32 -> 
  custom:video-decoder-ogg-theora: a1e56fd34408186e4bbccfd4996cb3dc -> 
  custom:container-muxer-webm: aa71ff27fc2769a1b78a27578f13a17b -> 
  custom:container-demuxer-webm: 4f35f7cbe854078d1ac9338744f61a02 -> 
  custom:container-demuxer-ogg: 62fdf1f143b41e24485cea50d1cbac27 -> 
  custom:video-encoder-webm-vp8: eb34c28f22e8b96e1ab97ce403110664 -> 
  custom:video-decoder-webm-vp8: 9c59270c3fd7afecdb556c50c9e8de78 -> 
  custom:audio-decoder-ogg-vorbis: bf7c407c2cedff20999df2af8eb42d56 -> 
  custom:audio-encoder-webm-vorbis: bf7c407c2cedff20999df2af8eb42d56 -> 
========================================================================
Received Import Request.
  Time since last request: 11.521855 seconds.
  path: Assets/Scripts/GamePiece.cs
  artifactKey: Guid(987a885e5ae96b743992c8de025a99af) Importer(815301076,1909f56bfc062723c751e8b465ee728b)
Start importing Assets/Scripts/GamePiece.cs using Guid(987a885e5ae96b743992c8de025a99af) Importer(815301076,1909f56bfc062723c751e8b465ee728b)  -> (artifact id: '6eb544182e5ab6313bcc8ec9c5b6a961') in 0.006269 seconds 
  Import took 0.008413 seconds .

========================================================================
Received Prepare
Registering precompiled user dll's ...
Registered in 0.003195 seconds.
Begin MonoManager ReloadAssembly
Native extension for WindowsStandalone target not found
Refreshing native plugins compatible for Editor in 0.25 ms, found 2 plugins.
Preloading 0 native plugins for Editor in 0.00 ms.
Mono: successfully reloaded assembly
- Completed reload, in  0.820 seconds
Platform modules already initialized, skipping
Refreshing native plugins compatible for Editor in 0.24 ms, found 2 plugins.
Preloading 0 native plugins for Editor in 0.00 ms.
Unloading 1388 Unused Serialized files (Serialized files now loaded: 0)
System memory in use before: 67.9 MB.
System memory in use after: 68.0 MB.

Unloading 14 unused Assets to reduce memory usage. Loaded Objects now: 1841.
Total: 1.775900 ms (FindLiveObjects: 0.107800 ms CreateObjectMapping: 0.035100 ms MarkObjects: 1.593700 ms  DeleteObjects: 0.038500 ms)

AssetImportParameters requested are different than current active one (requested -> active):
  custom:framework-win-MediaFoundation: 216162199b28c13a410421893ffa2e32 -> 
  custom:video-decoder-ogg-theora: a1e56fd34408186e4bbccfd4996cb3dc -> 
  custom:container-muxer-webm: aa71ff27fc2769a1b78a27578f13a17b -> 
  custom:container-demuxer-webm: 4f35f7cbe854078d1ac9338744f61a02 -> 
  custom:container-demuxer-ogg: 62fdf1f143b41e24485cea50d1cbac27 -> 
  custom:video-encoder-webm-vp8: eb34c28f22e8b96e1ab97ce403110664 -> 
  custom:video-decoder-webm-vp8: 9c59270c3fd7afecdb556c50c9e8de78 -> 
  custom:audio-decoder-ogg-vorbis: bf7c407c2cedff20999df2af8eb42d56 -> 
  custom:audio-encoder-webm-vorbis: bf7c407c2cedff20999df2af8eb42d56 -> 
========================================================================
Received Import Request.
  Time since last request: 38.478898 seconds.
  path: Assets/Scripts/GamePieceType.cs
  artifactKey: Guid(cfd3be056f279e140bcbdb33657b29df) Importer(815301076,1909f56bfc062723c751e8b465ee728b)
Start importing Assets/Scripts/GamePieceType.cs using Guid(cfd3be056f279e140bcbdb33657b29df) Importer(815301076,1909f56bfc062723c751e8b465ee728b)  -> (artifact id: '33223615f3a4c528ea67f3b036a45533') in 0.007935 seconds 
  Import took 0.009984 seconds .

========================================================================
Received Import Request.
  Time since last request: 0.000814 seconds.
  path: Assets/Scripts/GamePieceType.cs
  artifactKey: Guid(cfd3be056f279e140bcbdb33657b29df) Importer(815301076,1909f56bfc062723c751e8b465ee728b)
Start importing Assets/Scripts/GamePieceType.cs using Guid(cfd3be056f279e140bcbdb33657b29df) Importer(815301076,1909f56bfc062723c751e8b465ee728b)  -> (artifact id: '33223615f3a4c528ea67f3b036a45533') in 0.002413 seconds 
  Import took 0.004290 seconds .

========================================================================
Received Prepare
Registering precompiled user dll's ...
Registered in 0.003297 seconds.
Begin MonoManager ReloadAssembly
Native extension for WindowsStandalone target not found
Refreshing native plugins compatible for Editor in 0.26 ms, found 2 plugins.
Preloading 0 native plugins for Editor in 0.00 ms.
Mono: successfully reloaded assembly
- Completed reload, in  0.901 seconds
Platform modules already initialized, skipping
Refreshing native plugins compatible for Editor in 0.24 ms, found 2 plugins.
Preloading 0 native plugins for Editor in 0.00 ms.
Unloading 1389 Unused Serialized files (Serialized files now loaded: 0)
System memory in use before: 68.0 MB.
System memory in use after: 68.1 MB.

Unloading 14 unused Assets to reduce memory usage. Loaded Objects now: 1845.
Total: 1.500700 ms (FindLiveObjects: 0.114200 ms CreateObjectMapping: 0.049700 ms MarkObjects: 1.293700 ms  DeleteObjects: 0.041800 ms)

AssetImportParameters requested are different than current active one (requested -> active):
  custom:framework-win-MediaFoundation: 216162199b28c13a410421893ffa2e32 -> 
  custom:video-decoder-ogg-theora: a1e56fd34408186e4bbccfd4996cb3dc -> 
  custom:container-muxer-webm: aa71ff27fc2769a1b78a27578f13a17b -> 
  custom:container-demuxer-webm: 4f35f7cbe854078d1ac9338744f61a02 -> 
  custom:container-demuxer-ogg: 62fdf1f143b41e24485cea50d1cbac27 -> 
  custom:video-encoder-webm-vp8: eb34c28f22e8b96e1ab97ce403110664 -> 
  custom:video-decoder-webm-vp8: 9c59270c3fd7afecdb556c50c9e8de78 -> 
  custom:audio-decoder-ogg-vorbis: bf7c407c2cedff20999df2af8eb42d56 -> 
  custom:audio-encoder-webm-vorbis: bf7c407c2cedff20999df2af8eb42d56 -> 
========================================================================
Received Prepare
Registering precompiled user dll's ...
Registered in 0.003504 seconds.
Begin MonoManager ReloadAssembly
Native extension for WindowsStandalone target not found
Refreshing native plugins compatible for Editor in 0.24 ms, found 2 plugins.
Preloading 0 native plugins for Editor in 0.00 ms.
Mono: successfully reloaded assembly
- Completed reload, in  0.838 seconds
Platform modules already initialized, skipping
Refreshing native plugins compatible for Editor in 0.24 ms, found 2 plugins.
Preloading 0 native plugins for Editor in 0.00 ms.
Unloading 1389 Unused Serialized files (Serialized files now loaded: 0)
System memory in use before: 68.0 MB.
System memory in use after: 68.1 MB.

Unloading 14 unused Assets to reduce memory usage. Loaded Objects now: 1848.
Total: 1.793900 ms (FindLiveObjects: 0.123600 ms CreateObjectMapping: 0.037200 ms MarkObjects: 1.591600 ms  DeleteObjects: 0.040700 ms)

AssetImportParameters requested are different than current active one (requested -> active):
  custom:framework-win-MediaFoundation: 216162199b28c13a410421893ffa2e32 -> 
  custom:video-decoder-ogg-theora: a1e56fd34408186e4bbccfd4996cb3dc -> 
  custom:container-muxer-webm: aa71ff27fc2769a1b78a27578f13a17b -> 
  custom:container-demuxer-webm: 4f35f7cbe854078d1ac9338744f61a02 -> 
  custom:container-demuxer-ogg: 62fdf1f143b41e24485cea50d1cbac27 -> 
  custom:video-encoder-webm-vp8: eb34c28f22e8b96e1ab97ce403110664 -> 
  custom:video-decoder-webm-vp8: 9c59270c3fd7afecdb556c50c9e8de78 -> 
  custom:audio-decoder-ogg-vorbis: bf7c407c2cedff20999df2af8eb42d56 -> 
  custom:audio-encoder-webm-vorbis: bf7c407c2cedff20999df2af8eb42d56 -> 
========================================================================
Received Import Request.
  Time since last request: 44.591375 seconds.
  path: Assets/Scripts/GamePieceType.cs
  artifactKey: Guid(cfd3be056f279e140bcbdb33657b29df) Importer(815301076,1909f56bfc062723c751e8b465ee728b)
Start importing Assets/Scripts/GamePieceType.cs using Guid(cfd3be056f279e140bcbdb33657b29df) Importer(815301076,1909f56bfc062723c751e8b465ee728b)  -> (artifact id: '83c79f9e39bc76273b6561a0593d1e8d') in 0.003506 seconds 
  Import took 0.005242 seconds .

========================================================================
Received Import Request.
  Time since last request: 3.435133 seconds.
  path: Assets/Prefabs/BluePiece.prefab
  artifactKey: Guid(02bb608dfc91f2f46b551a777e73180c) Importer(815301076,1909f56bfc062723c751e8b465ee728b)
Start importing Assets/Prefabs/BluePiece.prefab using Guid(02bb608dfc91f2f46b551a777e73180c) Importer(815301076,1909f56bfc062723c751e8b465ee728b)  -> (artifact id: '1ad74ef56765c587104fea5c76e241d8') in 0.053820 seconds 
  Import took 0.055972 seconds .

========================================================================
Received Import Request.
  Time since last request: 0.005703 seconds.
  path: Assets/Prefabs/BluePiece.prefab
  artifactKey: Guid(02bb608dfc91f2f46b551a777e73180c) Importer(815301076,1909f56bfc062723c751e8b465ee728b)
Start importing Assets/Prefabs/BluePiece.prefab using Guid(02bb608dfc91f2f46b551a777e73180c) Importer(815301076,1909f56bfc062723c751e8b465ee728b)  -> (artifact id: '1ad74ef56765c587104fea5c76e241d8') in 0.008362 seconds 
  Import took 0.010575 seconds .

========================================================================
Received Import Request.
  Time since last request: 1.230276 seconds.
  path: Assets/Prefabs/GreenPiece.prefab
  artifactKey: Guid(146a7ddb96a926a4982fe250353b9240) Importer(815301076,1909f56bfc062723c751e8b465ee728b)
Start importing Assets/Prefabs/GreenPiece.prefab using Guid(146a7ddb96a926a4982fe250353b9240) Importer(815301076,1909f56bfc062723c751e8b465ee728b)  -> (artifact id: 'adae6b7ac49fd70d44bfca2e21a9f8cb') in 0.012730 seconds 
  Import took 0.014956 seconds .

========================================================================
Received Import Request.
  Time since last request: 5.409118 seconds.
  path: Assets/Prefabs/RedPiece.prefab
  artifactKey: Guid(2ef99e97b07b1a948866d666dc7b4162) Importer(815301076,1909f56bfc062723c751e8b465ee728b)
Start importing Assets/Prefabs/RedPiece.prefab using Guid(2ef99e97b07b1a948866d666dc7b4162) Importer(815301076,1909f56bfc062723c751e8b465ee728b)  -> (artifact id: 'e1385c57f5b2fd16df4bb2ff0f6d5906') in 0.016484 seconds 
  Import took 0.019779 seconds .

========================================================================
Received Import Request.
  Time since last request: 1.029828 seconds.
  path: Assets/Prefabs/YellowPiece.prefab
  artifactKey: Guid(7b21d0a2906a21846aec07acdc59ca66) Importer(815301076,1909f56bfc062723c751e8b465ee728b)
Start importing Assets/Prefabs/YellowPiece.prefab using Guid(7b21d0a2906a21846aec07acdc59ca66) Importer(815301076,1909f56bfc062723c751e8b465ee728b)  -> (artifact id: 'f20780faf028b675ed3d9e8d97855d88') in 0.012471 seconds 
  Import took 0.014476 seconds .

========================================================================
Received Import Request.
  Time since last request: 26.007357 seconds.
  path: Assets/Sprites/tile.png
  artifactKey: Guid(0392796943f310e4a97812a4df75e37c) Importer(815301076,1909f56bfc062723c751e8b465ee728b)
Start importing Assets/Sprites/tile.png using Guid(0392796943f310e4a97812a4df75e37c) Importer(815301076,1909f56bfc062723c751e8b465ee728b)  -> (artifact id: '7b4840786f0fe75fa2990b1ab9016da6') in 0.024933 seconds 
  Import took 0.027138 seconds .

========================================================================
Received Import Request.
  Time since last request: 27.948659 seconds.
  path: Assets/Prefabs/BoardTile.prefab
  artifactKey: Guid(6d3a80b44625ca7468ebe0933b8751b4) Importer(815301076,1909f56bfc062723c751e8b465ee728b)
Start importing Assets/Prefabs/BoardTile.prefab using Guid(6d3a80b44625ca7468ebe0933b8751b4) Importer(815301076,1909f56bfc062723c751e8b465ee728b)  -> (artifact id: 'b47eaf2a7a4de4a28bf99ef901c433a1') in 0.012217 seconds 
  Import took 0.014274 seconds .

========================================================================
Received Import Request.
  Time since last request: 263.468986 seconds.
  path: Assets/Scripts/Tile.cs
  artifactKey: Guid(d085357390874f043bf95708d89bb8cb) Importer(815301076,1909f56bfc062723c751e8b465ee728b)
Start importing Assets/Scripts/Tile.cs using Guid(d085357390874f043bf95708d89bb8cb) Importer(815301076,1909f56bfc062723c751e8b465ee728b)  -> (artifact id: '45ae0785e499b9724d4c5646e26efc44') in 0.003623 seconds 
  Import took 0.031795 seconds .

========================================================================
Received Prepare
Registering precompiled user dll's ...
Registered in 0.003180 seconds.
Begin MonoManager ReloadAssembly
Native extension for WindowsStandalone target not found
Refreshing native plugins compatible for Editor in 0.25 ms, found 2 plugins.
Preloading 0 native plugins for Editor in 0.00 ms.
Mono: successfully reloaded assembly
- Completed reload, in  0.796 seconds
Platform modules already initialized, skipping
Refreshing native plugins compatible for Editor in 0.24 ms, found 2 plugins.
Preloading 0 native plugins for Editor in 0.00 ms.
Unloading 1389 Unused Serialized files (Serialized files now loaded: 0)
System memory in use before: 68.0 MB.
System memory in use after: 68.1 MB.

Unloading 14 unused Assets to reduce memory usage. Loaded Objects now: 1855.
Total: 1.842100 ms (FindLiveObjects: 0.106700 ms CreateObjectMapping: 0.038500 ms MarkObjects: 1.656800 ms  DeleteObjects: 0.039400 ms)

AssetImportParameters requested are different than current active one (requested -> active):
  custom:framework-win-MediaFoundation: 216162199b28c13a410421893ffa2e32 -> 
  custom:video-decoder-ogg-theora: a1e56fd34408186e4bbccfd4996cb3dc -> 
  custom:container-muxer-webm: aa71ff27fc2769a1b78a27578f13a17b -> 
  custom:container-demuxer-webm: 4f35f7cbe854078d1ac9338744f61a02 -> 
  custom:container-demuxer-ogg: 62fdf1f143b41e24485cea50d1cbac27 -> 
  custom:video-encoder-webm-vp8: eb34c28f22e8b96e1ab97ce403110664 -> 
  custom:video-decoder-webm-vp8: 9c59270c3fd7afecdb556c50c9e8de78 -> 
  custom:audio-decoder-ogg-vorbis: bf7c407c2cedff20999df2af8eb42d56 -> 
  custom:audio-encoder-webm-vorbis: bf7c407c2cedff20999df2af8eb42d56 -> 
========================================================================
Received Prepare
Registering precompiled user dll's ...
Registered in 0.003538 seconds.
Begin MonoManager ReloadAssembly
Native extension for WindowsStandalone target not found
Refreshing native plugins compatible for Editor in 0.26 ms, found 2 plugins.
Preloading 0 native plugins for Editor in 0.00 ms.
Mono: successfully reloaded assembly
- Completed reload, in  0.843 seconds
Platform modules already initialized, skipping
Refreshing native plugins compatible for Editor in 0.24 ms, found 2 plugins.
Preloading 0 native plugins for Editor in 0.00 ms.
Unloading 1389 Unused Serialized files (Serialized files now loaded: 0)
System memory in use before: 68.1 MB.
System memory in use after: 68.1 MB.

Unloading 14 unused Assets to reduce memory usage. Loaded Objects now: 1858.
Total: 1.827200 ms (FindLiveObjects: 0.112600 ms CreateObjectMapping: 0.036600 ms MarkObjects: 1.636100 ms  DeleteObjects: 0.041000 ms)

AssetImportParameters requested are different than current active one (requested -> active):
  custom:framework-win-MediaFoundation: 216162199b28c13a410421893ffa2e32 -> 
  custom:video-decoder-ogg-theora: a1e56fd34408186e4bbccfd4996cb3dc -> 
  custom:container-muxer-webm: aa71ff27fc2769a1b78a27578f13a17b -> 
  custom:container-demuxer-webm: 4f35f7cbe854078d1ac9338744f61a02 -> 
  custom:container-demuxer-ogg: 62fdf1f143b41e24485cea50d1cbac27 -> 
  custom:video-encoder-webm-vp8: eb34c28f22e8b96e1ab97ce403110664 -> 
  custom:video-decoder-webm-vp8: 9c59270c3fd7afecdb556c50c9e8de78 -> 
  custom:audio-decoder-ogg-vorbis: bf7c407c2cedff20999df2af8eb42d56 -> 
  custom:audio-encoder-webm-vorbis: bf7c407c2cedff20999df2af8eb42d56 -> 
========================================================================
Received Prepare
Registering precompiled user dll's ...
Registered in 0.004274 seconds.
Begin MonoManager ReloadAssembly
Native extension for WindowsStandalone target not found
Refreshing native plugins compatible for Editor in 0.24 ms, found 2 plugins.
Preloading 0 native plugins for Editor in 0.00 ms.
Mono: successfully reloaded assembly
- Completed reload, in  0.763 seconds
Platform modules already initialized, skipping
Refreshing native plugins compatible for Editor in 0.25 ms, found 2 plugins.
Preloading 0 native plugins for Editor in 0.00 ms.
Unloading 1389 Unused Serialized files (Serialized files now loaded: 0)
System memory in use before: 68.1 MB.
System memory in use after: 68.1 MB.

Unloading 14 unused Assets to reduce memory usage. Loaded Objects now: 1861.
Total: 1.811900 ms (FindLiveObjects: 0.106600 ms CreateObjectMapping: 0.035100 ms MarkObjects: 1.630100 ms  DeleteObjects: 0.039400 ms)

AssetImportParameters requested are different than current active one (requested -> active):
  custom:framework-win-MediaFoundation: 216162199b28c13a410421893ffa2e32 -> 
  custom:video-decoder-ogg-theora: a1e56fd34408186e4bbccfd4996cb3dc -> 
  custom:container-muxer-webm: aa71ff27fc2769a1b78a27578f13a17b -> 
  custom:container-demuxer-webm: 4f35f7cbe854078d1ac9338744f61a02 -> 
  custom:container-demuxer-ogg: 62fdf1f143b41e24485cea50d1cbac27 -> 
  custom:video-encoder-webm-vp8: eb34c28f22e8b96e1ab97ce403110664 -> 
  custom:video-decoder-webm-vp8: 9c59270c3fd7afecdb556c50c9e8de78 -> 
  custom:audio-decoder-ogg-vorbis: bf7c407c2cedff20999df2af8eb42d56 -> 
  custom:audio-encoder-webm-vorbis: bf7c407c2cedff20999df2af8eb42d56 -> 
========================================================================
Received Import Request.
  Time since last request: 134.521639 seconds.
  path: Assets/Sprites/tile.png
  artifactKey: Guid(0392796943f310e4a97812a4df75e37c) Importer(815301076,1909f56bfc062723c751e8b465ee728b)
Start importing Assets/Sprites/tile.png using Guid(0392796943f310e4a97812a4df75e37c) Importer(815301076,1909f56bfc062723c751e8b465ee728b)  -> (artifact id: '914fea7f66c290b655fe4c783540ee56') in 0.036779 seconds 
  Import took 0.038562 seconds .

========================================================================
Received Import Request.
  Time since last request: 152.365758 seconds.
  path: Assets/Sprites/dropB.png
  artifactKey: Guid(cbc39272a355f9a4a9ad46f9e68b9f26) Importer(815301076,1909f56bfc062723c751e8b465ee728b)
Start importing Assets/Sprites/dropB.png using Guid(cbc39272a355f9a4a9ad46f9e68b9f26) Importer(815301076,1909f56bfc062723c751e8b465ee728b)  -> (artifact id: '053bcb18ff8be61e7e76bb850e02adcc') in 0.013804 seconds 
  Import took 0.016396 seconds .

========================================================================
Received Import Request.
  Time since last request: 11.289621 seconds.
  path: Assets/Sprites/dropG.png
  artifactKey: Guid(b7dc4b67bfb3f39408c77f82e4cd5be4) Importer(815301076,1909f56bfc062723c751e8b465ee728b)
Start importing Assets/Sprites/dropG.png using Guid(b7dc4b67bfb3f39408c77f82e4cd5be4) Importer(815301076,1909f56bfc062723c751e8b465ee728b)  -> (artifact id: '1c9803122c31d4378af058d0ddc0ec54') in 0.011205 seconds 
  Import took 0.013522 seconds .

========================================================================
Received Import Request.
  Time since last request: 0.000207 seconds.
  path: Assets/Sprites/dropR.png
  artifactKey: Guid(f66bd90dcf485dd4d9d0005f730ce9df) Importer(815301076,1909f56bfc062723c751e8b465ee728b)
Start importing Assets/Sprites/dropR.png using Guid(f66bd90dcf485dd4d9d0005f730ce9df) Importer(815301076,1909f56bfc062723c751e8b465ee728b)  -> (artifact id: '7dcaf708b6be5685e060d348f8e81af8') in 0.013333 seconds 
  Import took 0.015310 seconds .

========================================================================
Received Import Request.
  Time since last request: 0.000242 seconds.
  path: Assets/Sprites/dropY.png
  artifactKey: Guid(4f45804d3370e5e46815ad0b5d54eee1) Importer(815301076,1909f56bfc062723c751e8b465ee728b)
Start importing Assets/Sprites/dropY.png using Guid(4f45804d3370e5e46815ad0b5d54eee1) Importer(815301076,1909f56bfc062723c751e8b465ee728b)  -> (artifact id: '184c495c359d46ac892175a055b1dee8') in 0.018243 seconds 
  Import took 0.020082 seconds .

========================================================================
Received Import Request.
  Time since last request: 0.000226 seconds.
  path: Assets/Sprites/tile.png
  artifactKey: Guid(0392796943f310e4a97812a4df75e37c) Importer(815301076,1909f56bfc062723c751e8b465ee728b)
Start importing Assets/Sprites/tile.png using Guid(0392796943f310e4a97812a4df75e37c) Importer(815301076,1909f56bfc062723c751e8b465ee728b)  -> (artifact id: '9aee4db31121c4dfdf2984849dc9290c') in 0.010311 seconds 
  Import took 0.012636 seconds .

========================================================================
Received Prepare
Registering precompiled user dll's ...
Registered in 0.004466 seconds.
Begin MonoManager ReloadAssembly
Native extension for WindowsStandalone target not found
Refreshing native plugins compatible for Editor in 0.62 ms, found 2 plugins.
Preloading 0 native plugins for Editor in 0.00 ms.
Mono: successfully reloaded assembly
- Completed reload, in  1.073 seconds
Platform modules already initialized, skipping
Refreshing native plugins compatible for Editor in 0.40 ms, found 2 plugins.
Preloading 0 native plugins for Editor in 0.00 ms.
Unloading 1389 Unused Serialized files (Serialized files now loaded: 0)
System memory in use before: 68.1 MB.
System memory in use after: 68.2 MB.

Unloading 14 unused Assets to reduce memory usage. Loaded Objects now: 1865.
Total: 2.189000 ms (FindLiveObjects: 0.126700 ms CreateObjectMapping: 0.039900 ms MarkObjects: 1.978000 ms  DeleteObjects: 0.043400 ms)

AssetImportParameters requested are different than current active one (requested -> active):
  custom:framework-win-MediaFoundation: 216162199b28c13a410421893ffa2e32 -> 
  custom:video-decoder-ogg-theora: a1e56fd34408186e4bbccfd4996cb3dc -> 
  custom:container-muxer-webm: aa71ff27fc2769a1b78a27578f13a17b -> 
  custom:container-demuxer-webm: 4f35f7cbe854078d1ac9338744f61a02 -> 
  custom:container-demuxer-ogg: 62fdf1f143b41e24485cea50d1cbac27 -> 
  custom:video-encoder-webm-vp8: eb34c28f22e8b96e1ab97ce403110664 -> 
  custom:video-decoder-webm-vp8: 9c59270c3fd7afecdb556c50c9e8de78 -> 
  custom:audio-decoder-ogg-vorbis: bf7c407c2cedff20999df2af8eb42d56 -> 
  custom:audio-encoder-webm-vorbis: bf7c407c2cedff20999df2af8eb42d56 -> 
========================================================================
Received Import Request.
  Time since last request: 50.926463 seconds.
  path: Assets/Sprites/dropG.png
  artifactKey: Guid(b7dc4b67bfb3f39408c77f82e4cd5be4) Importer(815301076,1909f56bfc062723c751e8b465ee728b)
Start importing Assets/Sprites/dropG.png using Guid(b7dc4b67bfb3f39408c77f82e4cd5be4) Importer(815301076,1909f56bfc062723c751e8b465ee728b)  -> (artifact id: 'fc82fd2689c34783fb5e8d887b9eea65') in 0.049157 seconds 
  Import took 0.051304 seconds .

========================================================================
Received Import Request.
  Time since last request: 11.033883 seconds.
  path: Assets/Sprites/dropB.png
  artifactKey: Guid(cbc39272a355f9a4a9ad46f9e68b9f26) Importer(815301076,1909f56bfc062723c751e8b465ee728b)
Start importing Assets/Sprites/dropB.png using Guid(cbc39272a355f9a4a9ad46f9e68b9f26) Importer(815301076,1909f56bfc062723c751e8b465ee728b)  -> (artifact id: '5134b1dbd89dfcac01c01b80c6827851') in 0.010717 seconds 
  Import took 0.013439 seconds .

========================================================================
Received Import Request.
  Time since last request: 0.000142 seconds.
  path: Assets/Sprites/dropR.png
  artifactKey: Guid(f66bd90dcf485dd4d9d0005f730ce9df) Importer(815301076,1909f56bfc062723c751e8b465ee728b)
Start importing Assets/Sprites/dropR.png using Guid(f66bd90dcf485dd4d9d0005f730ce9df) Importer(815301076,1909f56bfc062723c751e8b465ee728b)  -> (artifact id: '65d96b97ee18c2a84a9c0eed06fee260') in 0.011936 seconds 
  Import took 0.014680 seconds .

========================================================================
Received Import Request.
  Time since last request: 0.000180 seconds.
  path: Assets/Sprites/dropY.png
  artifactKey: Guid(4f45804d3370e5e46815ad0b5d54eee1) Importer(815301076,1909f56bfc062723c751e8b465ee728b)
Start importing Assets/Sprites/dropY.png using Guid(4f45804d3370e5e46815ad0b5d54eee1) Importer(815301076,1909f56bfc062723c751e8b465ee728b)  -> (artifact id: '78ef09007c6227b2353143a9c9bb88e1') in 0.013493 seconds 
  Import took 0.015411 seconds .

========================================================================
Received Import Request.
  Time since last request: 0.000182 seconds.
  path: Assets/Sprites/tile.png
  artifactKey: Guid(0392796943f310e4a97812a4df75e37c) Importer(815301076,1909f56bfc062723c751e8b465ee728b)
Start importing Assets/Sprites/tile.png using Guid(0392796943f310e4a97812a4df75e37c) Importer(815301076,1909f56bfc062723c751e8b465ee728b)  -> (artifact id: '5f7b404674d78025271450323f514d56') in 0.009200 seconds 
  Import took 0.011617 seconds .

========================================================================
Received Import Request.
  Time since last request: 114.552204 seconds.
  path: Assets/Scripts/Board
  artifactKey: Guid(b1ed6f2fd8d07d243a5f267bf8ec5ce1) Importer(815301076,1909f56bfc062723c751e8b465ee728b)
Start importing Assets/Scripts/Board using Guid(b1ed6f2fd8d07d243a5f267bf8ec5ce1) Importer(815301076,1909f56bfc062723c751e8b465ee728b)  -> (artifact id: '51eea9cc9dcbfded7807a70c11140220') in 0.003434 seconds 
  Import took 0.005541 seconds .

========================================================================
Received Import Request.
  Time since last request: 1.336732 seconds.
  path: Assets/Scripts/Board.cs
  artifactKey: Guid(fc5aaaa53ba2684428e1283e289d7d28) Importer(815301076,1909f56bfc062723c751e8b465ee728b)
Start importing Assets/Scripts/Board.cs using Guid(fc5aaaa53ba2684428e1283e289d7d28) Importer(815301076,1909f56bfc062723c751e8b465ee728b)  -> (artifact id: '283ce2e93f104a62722347eea46d5724') in 0.002604 seconds 
  Import took 0.004444 seconds .

========================================================================
Received Import Request.
  Time since last request: 0.000978 seconds.
  path: Assets/Scripts/Board.cs
  artifactKey: Guid(fc5aaaa53ba2684428e1283e289d7d28) Importer(815301076,1909f56bfc062723c751e8b465ee728b)
Start importing Assets/Scripts/Board.cs using Guid(fc5aaaa53ba2684428e1283e289d7d28) Importer(815301076,1909f56bfc062723c751e8b465ee728b)  -> (artifact id: '283ce2e93f104a62722347eea46d5724') in 0.003904 seconds 
  Import took 0.005741 seconds .

========================================================================
Received Prepare
Registering precompiled user dll's ...
Registered in 0.003602 seconds.
Begin MonoManager ReloadAssembly
Native extension for WindowsStandalone target not found
Refreshing native plugins compatible for Editor in 0.24 ms, found 2 plugins.
Preloading 0 native plugins for Editor in 0.00 ms.
Mono: successfully reloaded assembly
- Completed reload, in  0.796 seconds
Platform modules already initialized, skipping
Refreshing native plugins compatible for Editor in 0.24 ms, found 2 plugins.
Preloading 0 native plugins for Editor in 0.00 ms.
Unloading 1389 Unused Serialized files (Serialized files now loaded: 0)
System memory in use before: 68.1 MB.
System memory in use after: 68.2 MB.

Unloading 14 unused Assets to reduce memory usage. Loaded Objects now: 1869.
Total: 1.809200 ms (FindLiveObjects: 0.230500 ms CreateObjectMapping: 0.047100 ms MarkObjects: 1.492600 ms  DeleteObjects: 0.038200 ms)

AssetImportParameters requested are different than current active one (requested -> active):
  custom:framework-win-MediaFoundation: 216162199b28c13a410421893ffa2e32 -> 
  custom:video-decoder-ogg-theora: a1e56fd34408186e4bbccfd4996cb3dc -> 
  custom:container-muxer-webm: aa71ff27fc2769a1b78a27578f13a17b -> 
  custom:container-demuxer-webm: 4f35f7cbe854078d1ac9338744f61a02 -> 
  custom:container-demuxer-ogg: 62fdf1f143b41e24485cea50d1cbac27 -> 
  custom:video-encoder-webm-vp8: eb34c28f22e8b96e1ab97ce403110664 -> 
  custom:video-decoder-webm-vp8: 9c59270c3fd7afecdb556c50c9e8de78 -> 
  custom:audio-decoder-ogg-vorbis: bf7c407c2cedff20999df2af8eb42d56 -> 
  custom:audio-encoder-webm-vorbis: bf7c407c2cedff20999df2af8eb42d56 -> 
========================================================================
Received Import Request.
  Time since last request: 14.243330 seconds.
  path: Assets/Scripts/GamePiece
  artifactKey: Guid(db4ed123c4e802e4cab8853568732bf5) Importer(815301076,1909f56bfc062723c751e8b465ee728b)
Start importing Assets/Scripts/GamePiece using Guid(db4ed123c4e802e4cab8853568732bf5) Importer(815301076,1909f56bfc062723c751e8b465ee728b)  -> (artifact id: '03fcceedcdeb390a4c5195fe4e212245') in 0.004217 seconds 
  Import took 0.006040 seconds .

========================================================================
Received Import Request.
  Time since last request: 0.005683 seconds.
  path: Assets/Scripts/GamePiece
  artifactKey: Guid(db4ed123c4e802e4cab8853568732bf5) Importer(815301076,1909f56bfc062723c751e8b465ee728b)
Start importing Assets/Scripts/GamePiece using Guid(db4ed123c4e802e4cab8853568732bf5) Importer(815301076,1909f56bfc062723c751e8b465ee728b)  -> (artifact id: '03fcceedcdeb390a4c5195fe4e212245') in 0.003132 seconds 
  Import took 0.005148 seconds .

========================================================================
Received Prepare
Registering precompiled user dll's ...
Registered in 0.003217 seconds.
Begin MonoManager ReloadAssembly
Native extension for WindowsStandalone target not found
Refreshing native plugins compatible for Editor in 0.24 ms, found 2 plugins.
Preloading 0 native plugins for Editor in 0.00 ms.
Mono: successfully reloaded assembly
- Completed reload, in  0.794 seconds
Platform modules already initialized, skipping
Refreshing native plugins compatible for Editor in 0.24 ms, found 2 plugins.
Preloading 0 native plugins for Editor in 0.00 ms.
Unloading 1389 Unused Serialized files (Serialized files now loaded: 0)
System memory in use before: 68.1 MB.
System memory in use after: 68.2 MB.

Unloading 14 unused Assets to reduce memory usage. Loaded Objects now: 1872.
Total: 1.680300 ms (FindLiveObjects: 0.107500 ms CreateObjectMapping: 0.033000 ms MarkObjects: 1.500000 ms  DeleteObjects: 0.039000 ms)

AssetImportParameters requested are different than current active one (requested -> active):
  custom:framework-win-MediaFoundation: 216162199b28c13a410421893ffa2e32 -> 
  custom:video-decoder-ogg-theora: a1e56fd34408186e4bbccfd4996cb3dc -> 
  custom:container-muxer-webm: aa71ff27fc2769a1b78a27578f13a17b -> 
  custom:container-demuxer-webm: 4f35f7cbe854078d1ac9338744f61a02 -> 
  custom:container-demuxer-ogg: 62fdf1f143b41e24485cea50d1cbac27 -> 
  custom:video-encoder-webm-vp8: eb34c28f22e8b96e1ab97ce403110664 -> 
  custom:video-decoder-webm-vp8: 9c59270c3fd7afecdb556c50c9e8de78 -> 
  custom:audio-decoder-ogg-vorbis: bf7c407c2cedff20999df2af8eb42d56 -> 
  custom:audio-encoder-webm-vorbis: bf7c407c2cedff20999df2af8eb42d56 -> 
========================================================================
Received Import Request.
  Time since last request: 9.758693 seconds.
  path: Assets/Scripts/Camera
  artifactKey: Guid(8e9a8742f6d68864d8c39082060e35af) Importer(815301076,1909f56bfc062723c751e8b465ee728b)
Start importing Assets/Scripts/Camera using Guid(8e9a8742f6d68864d8c39082060e35af) Importer(815301076,1909f56bfc062723c751e8b465ee728b)  -> (artifact id: '65c8502a64a57da77701ba78e0435e6a') in 0.007070 seconds 
  Import took 0.009008 seconds .

========================================================================
Received Import Request.
  Time since last request: 0.002790 seconds.
  path: Assets/Scripts/Camera
  artifactKey: Guid(8e9a8742f6d68864d8c39082060e35af) Importer(815301076,1909f56bfc062723c751e8b465ee728b)
Start importing Assets/Scripts/Camera using Guid(8e9a8742f6d68864d8c39082060e35af) Importer(815301076,1909f56bfc062723c751e8b465ee728b)  -> (artifact id: '65c8502a64a57da77701ba78e0435e6a') in 0.002888 seconds 
  Import took 0.005132 seconds .

========================================================================
Received Import Request.
  Time since last request: 11.017069 seconds.
  path: Assets/Scripts/Camera/CameraResizer.cs
  artifactKey: Guid(018124be5a74da0449a61e48ea368485) Importer(815301076,1909f56bfc062723c751e8b465ee728b)
Start importing Assets/Scripts/Camera/CameraResizer.cs using Guid(018124be5a74da0449a61e48ea368485) Importer(815301076,1909f56bfc062723c751e8b465ee728b)  -> (artifact id: 'e237f1322f7ff35d47204c32cecfbd71') in 0.011633 seconds 
  Import took 0.013465 seconds .

========================================================================
Received Prepare
Registering precompiled user dll's ...
Registered in 0.003459 seconds.
Begin MonoManager ReloadAssembly
Native extension for WindowsStandalone target not found
Refreshing native plugins compatible for Editor in 0.26 ms, found 2 plugins.
Preloading 0 native plugins for Editor in 0.00 ms.
Mono: successfully reloaded assembly
- Completed reload, in  0.822 seconds
Platform modules already initialized, skipping
Refreshing native plugins compatible for Editor in 0.26 ms, found 2 plugins.
Preloading 0 native plugins for Editor in 0.00 ms.
Unloading 1390 Unused Serialized files (Serialized files now loaded: 0)
System memory in use before: 68.1 MB.
System memory in use after: 68.2 MB.

Unloading 14 unused Assets to reduce memory usage. Loaded Objects now: 1876.
Total: 1.751400 ms (FindLiveObjects: 0.113200 ms CreateObjectMapping: 0.035600 ms MarkObjects: 1.559100 ms  DeleteObjects: 0.042400 ms)

AssetImportParameters requested are different than current active one (requested -> active):
  custom:framework-win-MediaFoundation: 216162199b28c13a410421893ffa2e32 -> 
  custom:video-decoder-ogg-theora: a1e56fd34408186e4bbccfd4996cb3dc -> 
  custom:container-muxer-webm: aa71ff27fc2769a1b78a27578f13a17b -> 
  custom:container-demuxer-webm: 4f35f7cbe854078d1ac9338744f61a02 -> 
  custom:container-demuxer-ogg: 62fdf1f143b41e24485cea50d1cbac27 -> 
  custom:video-encoder-webm-vp8: eb34c28f22e8b96e1ab97ce403110664 -> 
  custom:video-decoder-webm-vp8: 9c59270c3fd7afecdb556c50c9e8de78 -> 
  custom:audio-decoder-ogg-vorbis: bf7c407c2cedff20999df2af8eb42d56 -> 
  custom:audio-encoder-webm-vorbis: bf7c407c2cedff20999df2af8eb42d56 -> 
========================================================================
Received Prepare
Registering precompiled user dll's ...
Registered in 0.003443 seconds.
Begin MonoManager ReloadAssembly
Native extension for WindowsStandalone target not found
Refreshing native plugins compatible for Editor in 0.24 ms, found 2 plugins.
Preloading 0 native plugins for Editor in 0.00 ms.
Mono: successfully reloaded assembly
- Completed reload, in  0.790 seconds
Platform modules already initialized, skipping
Refreshing native plugins compatible for Editor in 0.24 ms, found 2 plugins.
Preloading 0 native plugins for Editor in 0.00 ms.
Unloading 1390 Unused Serialized files (Serialized files now loaded: 0)
System memory in use before: 68.1 MB.
System memory in use after: 68.2 MB.

Unloading 14 unused Assets to reduce memory usage. Loaded Objects now: 1879.
Total: 1.749500 ms (FindLiveObjects: 0.114900 ms CreateObjectMapping: 0.036100 ms MarkObjects: 1.556500 ms  DeleteObjects: 0.041100 ms)

AssetImportParameters requested are different than current active one (requested -> active):
  custom:framework-win-MediaFoundation: 216162199b28c13a410421893ffa2e32 -> 
  custom:video-decoder-ogg-theora: a1e56fd34408186e4bbccfd4996cb3dc -> 
  custom:container-muxer-webm: aa71ff27fc2769a1b78a27578f13a17b -> 
  custom:container-demuxer-webm: 4f35f7cbe854078d1ac9338744f61a02 -> 
  custom:container-demuxer-ogg: 62fdf1f143b41e24485cea50d1cbac27 -> 
  custom:video-encoder-webm-vp8: eb34c28f22e8b96e1ab97ce403110664 -> 
  custom:video-decoder-webm-vp8: 9c59270c3fd7afecdb556c50c9e8de78 -> 
  custom:audio-decoder-ogg-vorbis: bf7c407c2cedff20999df2af8eb42d56 -> 
  custom:audio-encoder-webm-vorbis: bf7c407c2cedff20999df2af8eb42d56 -> 
========================================================================
Received Import Request.
  Time since last request: 525.648659 seconds.
  path: Assets/Scripts/Board/Board.cs
  artifactKey: Guid(fc5aaaa53ba2684428e1283e289d7d28) Importer(815301076,1909f56bfc062723c751e8b465ee728b)
Start importing Assets/Scripts/Board/Board.cs using Guid(fc5aaaa53ba2684428e1283e289d7d28) Importer(815301076,1909f56bfc062723c751e8b465ee728b)  -> (artifact id: '7f47ca8057060d06ef774b770c922678') in 0.004179 seconds 
  Import took 0.006052 seconds .

========================================================================
Received Prepare
Registering precompiled user dll's ...
Registered in 0.003257 seconds.
Begin MonoManager ReloadAssembly
Native extension for WindowsStandalone target not found
Refreshing native plugins compatible for Editor in 0.29 ms, found 2 plugins.
Preloading 0 native plugins for Editor in 0.00 ms.
Mono: successfully reloaded assembly
- Completed reload, in  0.821 seconds
Platform modules already initialized, skipping
Refreshing native plugins compatible for Editor in 0.24 ms, found 2 plugins.
Preloading 0 native plugins for Editor in 0.00 ms.
Unloading 1390 Unused Serialized files (Serialized files now loaded: 0)
System memory in use before: 68.1 MB.
System memory in use after: 68.2 MB.

Unloading 14 unused Assets to reduce memory usage. Loaded Objects now: 1882.
Total: 1.588600 ms (FindLiveObjects: 0.146000 ms CreateObjectMapping: 0.039500 ms MarkObjects: 1.364100 ms  DeleteObjects: 0.038100 ms)

AssetImportParameters requested are different than current active one (requested -> active):
  custom:framework-win-MediaFoundation: 216162199b28c13a410421893ffa2e32 -> 
  custom:video-decoder-ogg-theora: a1e56fd34408186e4bbccfd4996cb3dc -> 
  custom:container-muxer-webm: aa71ff27fc2769a1b78a27578f13a17b -> 
  custom:container-demuxer-webm: 4f35f7cbe854078d1ac9338744f61a02 -> 
  custom:container-demuxer-ogg: 62fdf1f143b41e24485cea50d1cbac27 -> 
  custom:video-encoder-webm-vp8: eb34c28f22e8b96e1ab97ce403110664 -> 
  custom:video-decoder-webm-vp8: 9c59270c3fd7afecdb556c50c9e8de78 -> 
  custom:audio-decoder-ogg-vorbis: bf7c407c2cedff20999df2af8eb42d56 -> 
  custom:audio-encoder-webm-vorbis: bf7c407c2cedff20999df2af8eb42d56 -> 
========================================================================
Received Prepare
Registering precompiled user dll's ...
Registered in 0.003475 seconds.
Begin MonoManager ReloadAssembly
Native extension for WindowsStandalone target not found
Refreshing native plugins compatible for Editor in 0.24 ms, found 2 plugins.
Preloading 0 native plugins for Editor in 0.00 ms.
Mono: successfully reloaded assembly
- Completed reload, in  0.824 seconds
Platform modules already initialized, skipping
Refreshing native plugins compatible for Editor in 0.24 ms, found 2 plugins.
Preloading 0 native plugins for Editor in 0.00 ms.
Unloading 1390 Unused Serialized files (Serialized files now loaded: 0)
System memory in use before: 68.2 MB.
System memory in use after: 68.2 MB.

Unloading 14 unused Assets to reduce memory usage. Loaded Objects now: 1885.
Total: 1.581500 ms (FindLiveObjects: 0.109700 ms CreateObjectMapping: 0.034600 ms MarkObjects: 1.397600 ms  DeleteObjects: 0.038700 ms)

AssetImportParameters requested are different than current active one (requested -> active):
  custom:framework-win-MediaFoundation: 216162199b28c13a410421893ffa2e32 -> 
  custom:video-decoder-ogg-theora: a1e56fd34408186e4bbccfd4996cb3dc -> 
  custom:container-muxer-webm: aa71ff27fc2769a1b78a27578f13a17b -> 
  custom:container-demuxer-webm: 4f35f7cbe854078d1ac9338744f61a02 -> 
  custom:container-demuxer-ogg: 62fdf1f143b41e24485cea50d1cbac27 -> 
  custom:video-encoder-webm-vp8: eb34c28f22e8b96e1ab97ce403110664 -> 
  custom:video-decoder-webm-vp8: 9c59270c3fd7afecdb556c50c9e8de78 -> 
  custom:audio-decoder-ogg-vorbis: bf7c407c2cedff20999df2af8eb42d56 -> 
  custom:audio-encoder-webm-vorbis: bf7c407c2cedff20999df2af8eb42d56 -> 
========================================================================
Received Prepare
Registering precompiled user dll's ...
Registered in 0.004313 seconds.
Begin MonoManager ReloadAssembly
Native extension for WindowsStandalone target not found
Refreshing native plugins compatible for Editor in 0.25 ms, found 2 plugins.
Preloading 0 native plugins for Editor in 0.00 ms.
Mono: successfully reloaded assembly
- Completed reload, in  0.848 seconds
Platform modules already initialized, skipping
Refreshing native plugins compatible for Editor in 0.24 ms, found 2 plugins.
Preloading 0 native plugins for Editor in 0.00 ms.
Unloading 1390 Unused Serialized files (Serialized files now loaded: 0)
System memory in use before: 68.2 MB.
System memory in use after: 68.2 MB.

Unloading 14 unused Assets to reduce memory usage. Loaded Objects now: 1888.
Total: 1.745000 ms (FindLiveObjects: 0.109600 ms CreateObjectMapping: 0.035700 ms MarkObjects: 1.561200 ms  DeleteObjects: 0.037500 ms)

AssetImportParameters requested are different than current active one (requested -> active):
  custom:framework-win-MediaFoundation: 216162199b28c13a410421893ffa2e32 -> 
  custom:video-decoder-ogg-theora: a1e56fd34408186e4bbccfd4996cb3dc -> 
  custom:container-muxer-webm: aa71ff27fc2769a1b78a27578f13a17b -> 
  custom:container-demuxer-webm: 4f35f7cbe854078d1ac9338744f61a02 -> 
  custom:container-demuxer-ogg: 62fdf1f143b41e24485cea50d1cbac27 -> 
  custom:video-encoder-webm-vp8: eb34c28f22e8b96e1ab97ce403110664 -> 
  custom:video-decoder-webm-vp8: 9c59270c3fd7afecdb556c50c9e8de78 -> 
  custom:audio-decoder-ogg-vorbis: bf7c407c2cedff20999df2af8eb42d56 -> 
  custom:audio-encoder-webm-vorbis: bf7c407c2cedff20999df2af8eb42d56 -> 
========================================================================
Received Prepare
Registering precompiled user dll's ...
Registered in 0.003441 seconds.
Begin MonoManager ReloadAssembly
Native extension for WindowsStandalone target not found
Refreshing native plugins compatible for Editor in 0.24 ms, found 2 plugins.
Preloading 0 native plugins for Editor in 0.00 ms.
Mono: successfully reloaded assembly
- Completed reload, in  0.820 seconds
Platform modules already initialized, skipping
Refreshing native plugins compatible for Editor in 0.24 ms, found 2 plugins.
Preloading 0 native plugins for Editor in 0.00 ms.
Unloading 1390 Unused Serialized files (Serialized files now loaded: 0)
System memory in use before: 68.2 MB.
System memory in use after: 68.2 MB.

Unloading 14 unused Assets to reduce memory usage. Loaded Objects now: 1891.
Total: 1.610000 ms (FindLiveObjects: 0.110800 ms CreateObjectMapping: 0.035600 ms MarkObjects: 1.424500 ms  DeleteObjects: 0.038400 ms)

AssetImportParameters requested are different than current active one (requested -> active):
  custom:framework-win-MediaFoundation: 216162199b28c13a410421893ffa2e32 -> 
  custom:video-decoder-ogg-theora: a1e56fd34408186e4bbccfd4996cb3dc -> 
  custom:container-muxer-webm: aa71ff27fc2769a1b78a27578f13a17b -> 
  custom:container-demuxer-webm: 4f35f7cbe854078d1ac9338744f61a02 -> 
  custom:container-demuxer-ogg: 62fdf1f143b41e24485cea50d1cbac27 -> 
  custom:video-encoder-webm-vp8: eb34c28f22e8b96e1ab97ce403110664 -> 
  custom:video-decoder-webm-vp8: 9c59270c3fd7afecdb556c50c9e8de78 -> 
  custom:audio-decoder-ogg-vorbis: bf7c407c2cedff20999df2af8eb42d56 -> 
  custom:audio-encoder-webm-vorbis: bf7c407c2cedff20999df2af8eb42d56 -> 
========================================================================
Received Prepare
Registering precompiled user dll's ...
Registered in 0.003186 seconds.
Begin MonoManager ReloadAssembly
Native extension for WindowsStandalone target not found
Refreshing native plugins compatible for Editor in 0.25 ms, found 2 plugins.
Preloading 0 native plugins for Editor in 0.00 ms.
Mono: successfully reloaded assembly
- Completed reload, in  0.808 seconds
Platform modules already initialized, skipping
Refreshing native plugins compatible for Editor in 0.29 ms, found 2 plugins.
Preloading 0 native plugins for Editor in 0.00 ms.
Unloading 1390 Unused Serialized files (Serialized files now loaded: 0)
System memory in use before: 68.2 MB.
System memory in use after: 68.3 MB.

Unloading 14 unused Assets to reduce memory usage. Loaded Objects now: 1894.
Total: 2.055700 ms (FindLiveObjects: 0.153900 ms CreateObjectMapping: 0.053500 ms MarkObjects: 1.805700 ms  DeleteObjects: 0.041800 ms)

AssetImportParameters requested are different than current active one (requested -> active):
  custom:framework-win-MediaFoundation: 216162199b28c13a410421893ffa2e32 -> 
  custom:video-decoder-ogg-theora: a1e56fd34408186e4bbccfd4996cb3dc -> 
  custom:container-muxer-webm: aa71ff27fc2769a1b78a27578f13a17b -> 
  custom:container-demuxer-webm: 4f35f7cbe854078d1ac9338744f61a02 -> 
  custom:container-demuxer-ogg: 62fdf1f143b41e24485cea50d1cbac27 -> 
  custom:video-encoder-webm-vp8: eb34c28f22e8b96e1ab97ce403110664 -> 
  custom:video-decoder-webm-vp8: 9c59270c3fd7afecdb556c50c9e8de78 -> 
  custom:audio-decoder-ogg-vorbis: bf7c407c2cedff20999df2af8eb42d56 -> 
  custom:audio-encoder-webm-vorbis: bf7c407c2cedff20999df2af8eb42d56 -> 
========================================================================
Received Import Request.
  Time since last request: 1505.738596 seconds.
  path: Assets/Scripts/Board/GamePieceSpawner.cs
  artifactKey: Guid(3a65e07139edf0c49a481021fb1fd539) Importer(815301076,1909f56bfc062723c751e8b465ee728b)
Start importing Assets/Scripts/Board/GamePieceSpawner.cs using Guid(3a65e07139edf0c49a481021fb1fd539) Importer(815301076,1909f56bfc062723c751e8b465ee728b)  -> (artifact id: '2de7cc0b7f8f44dfa6f590cb35267ce3') in 0.029038 seconds 
  Import took 0.031534 seconds .

========================================================================
Received Prepare
Registering precompiled user dll's ...
Registered in 0.005380 seconds.
Begin MonoManager ReloadAssembly
Native extension for WindowsStandalone target not found
Refreshing native plugins compatible for Editor in 0.41 ms, found 2 plugins.
Preloading 0 native plugins for Editor in 0.00 ms.
Mono: successfully reloaded assembly
- Completed reload, in  0.860 seconds
Platform modules already initialized, skipping
Refreshing native plugins compatible for Editor in 0.24 ms, found 2 plugins.
Preloading 0 native plugins for Editor in 0.00 ms.
Unloading 1391 Unused Serialized files (Serialized files now loaded: 0)
System memory in use before: 68.2 MB.
System memory in use after: 68.3 MB.

Unloading 14 unused Assets to reduce memory usage. Loaded Objects now: 1898.
Total: 1.605700 ms (FindLiveObjects: 0.113700 ms CreateObjectMapping: 0.032800 ms MarkObjects: 1.416800 ms  DeleteObjects: 0.041700 ms)

AssetImportParameters requested are different than current active one (requested -> active):
  custom:framework-win-MediaFoundation: 216162199b28c13a410421893ffa2e32 -> 
  custom:video-decoder-ogg-theora: a1e56fd34408186e4bbccfd4996cb3dc -> 
  custom:container-muxer-webm: aa71ff27fc2769a1b78a27578f13a17b -> 
  custom:container-demuxer-webm: 4f35f7cbe854078d1ac9338744f61a02 -> 
  custom:container-demuxer-ogg: 62fdf1f143b41e24485cea50d1cbac27 -> 
  custom:video-encoder-webm-vp8: eb34c28f22e8b96e1ab97ce403110664 -> 
  custom:video-decoder-webm-vp8: 9c59270c3fd7afecdb556c50c9e8de78 -> 
  custom:audio-decoder-ogg-vorbis: bf7c407c2cedff20999df2af8eb42d56 -> 
  custom:audio-encoder-webm-vorbis: bf7c407c2cedff20999df2af8eb42d56 -> 
========================================================================
Received Import Request.
  Time since last request: 4.196676 seconds.
  path: Assets/Scripts/Board/Board.cs
  artifactKey: Guid(fc5aaaa53ba2684428e1283e289d7d28) Importer(815301076,1909f56bfc062723c751e8b465ee728b)
Start importing Assets/Scripts/Board/Board.cs using Guid(fc5aaaa53ba2684428e1283e289d7d28) Importer(815301076,1909f56bfc062723c751e8b465ee728b)  -> (artifact id: '3cad5fcc9cfb1069678a4d3327e8ab81') in 0.003717 seconds 
  Import took 0.006185 seconds .

========================================================================
Received Prepare
Registering precompiled user dll's ...
Registered in 0.003792 seconds.
Begin MonoManager ReloadAssembly
Native extension for WindowsStandalone target not found
Refreshing native plugins compatible for Editor in 0.24 ms, found 2 plugins.
Preloading 0 native plugins for Editor in 0.00 ms.
Mono: successfully reloaded assembly
- Completed reload, in  0.782 seconds
Platform modules already initialized, skipping
Refreshing native plugins compatible for Editor in 0.24 ms, found 2 plugins.
Preloading 0 native plugins for Editor in 0.00 ms.
Unloading 1391 Unused Serialized files (Serialized files now loaded: 0)
System memory in use before: 68.2 MB.
System memory in use after: 68.3 MB.

Unloading 14 unused Assets to reduce memory usage. Loaded Objects now: 1901.
Total: 1.573000 ms (FindLiveObjects: 0.127800 ms CreateObjectMapping: 0.040200 ms MarkObjects: 1.365900 ms  DeleteObjects: 0.038400 ms)

AssetImportParameters requested are different than current active one (requested -> active):
  custom:framework-win-MediaFoundation: 216162199b28c13a410421893ffa2e32 -> 
  custom:video-decoder-ogg-theora: a1e56fd34408186e4bbccfd4996cb3dc -> 
  custom:container-muxer-webm: aa71ff27fc2769a1b78a27578f13a17b -> 
  custom:container-demuxer-webm: 4f35f7cbe854078d1ac9338744f61a02 -> 
  custom:container-demuxer-ogg: 62fdf1f143b41e24485cea50d1cbac27 -> 
  custom:video-encoder-webm-vp8: eb34c28f22e8b96e1ab97ce403110664 -> 
  custom:video-decoder-webm-vp8: 9c59270c3fd7afecdb556c50c9e8de78 -> 
  custom:audio-decoder-ogg-vorbis: bf7c407c2cedff20999df2af8eb42d56 -> 
  custom:audio-encoder-webm-vorbis: bf7c407c2cedff20999df2af8eb42d56 -> 
========================================================================
Received Import Request.
  Time since last request: 253.170418 seconds.
  path: Assets/Scripts/Board/GamePieceSpawner.cs
  artifactKey: Guid(3a65e07139edf0c49a481021fb1fd539) Importer(815301076,1909f56bfc062723c751e8b465ee728b)
Start importing Assets/Scripts/Board/GamePieceSpawner.cs using Guid(3a65e07139edf0c49a481021fb1fd539) Importer(815301076,1909f56bfc062723c751e8b465ee728b)  -> (artifact id: 'cc678b89851973f836db585d95b31a82') in 0.003683 seconds 
  Import took 0.005687 seconds .

========================================================================
Received Import Request.
  Time since last request: 20.394327 seconds.
  path: Assets/Scripts/Board/SpawnerHandler.cs
  artifactKey: Guid(3a65e07139edf0c49a481021fb1fd539) Importer(815301076,1909f56bfc062723c751e8b465ee728b)
Start importing Assets/Scripts/Board/SpawnerHandler.cs using Guid(3a65e07139edf0c49a481021fb1fd539) Importer(815301076,1909f56bfc062723c751e8b465ee728b)  -> (artifact id: '23c124e8603a4760d846e4984f7d284e') in 0.021740 seconds 
  Import took 0.024435 seconds .

========================================================================
Received Import Request.
  Time since last request: 10.742679 seconds.
  path: Assets/Scripts/Board/GamePieceSpawner.cs
  artifactKey: Guid(bbee205494ee8434290b628ece4fe6d1) Importer(815301076,1909f56bfc062723c751e8b465ee728b)
Start importing Assets/Scripts/Board/GamePieceSpawner.cs using Guid(bbee205494ee8434290b628ece4fe6d1) Importer(815301076,1909f56bfc062723c751e8b465ee728b)  -> (artifact id: '85e033e6b923bfb7ca5664abf32733bd') in 0.006266 seconds 
  Import took 0.012387 seconds .

========================================================================
Received Import Request.
  Time since last request: 0.001362 seconds.
  path: Assets/Scripts/Board/GamePieceSpawner.cs
  artifactKey: Guid(bbee205494ee8434290b628ece4fe6d1) Importer(815301076,1909f56bfc062723c751e8b465ee728b)
Start importing Assets/Scripts/Board/GamePieceSpawner.cs using Guid(bbee205494ee8434290b628ece4fe6d1) Importer(815301076,1909f56bfc062723c751e8b465ee728b)  -> (artifact id: '85e033e6b923bfb7ca5664abf32733bd') in 0.009342 seconds 
  Import took 0.012745 seconds .

========================================================================
Received Prepare
Registering precompiled user dll's ...
Registered in 0.005553 seconds.
Begin MonoManager ReloadAssembly
Native extension for WindowsStandalone target not found
Refreshing native plugins compatible for Editor in 0.25 ms, found 2 plugins.
Preloading 0 native plugins for Editor in 0.00 ms.
Mono: successfully reloaded assembly
- Completed reload, in  0.844 seconds
Platform modules already initialized, skipping
Refreshing native plugins compatible for Editor in 0.24 ms, found 2 plugins.
Preloading 0 native plugins for Editor in 0.00 ms.
Unloading 1392 Unused Serialized files (Serialized files now loaded: 0)
System memory in use before: 68.2 MB.
System memory in use after: 68.3 MB.

Unloading 14 unused Assets to reduce memory usage. Loaded Objects now: 1905.
Total: 1.746600 ms (FindLiveObjects: 0.130200 ms CreateObjectMapping: 0.044100 ms MarkObjects: 1.524200 ms  DeleteObjects: 0.047200 ms)

AssetImportParameters requested are different than current active one (requested -> active):
  custom:framework-win-MediaFoundation: 216162199b28c13a410421893ffa2e32 -> 
  custom:video-decoder-ogg-theora: a1e56fd34408186e4bbccfd4996cb3dc -> 
  custom:container-muxer-webm: aa71ff27fc2769a1b78a27578f13a17b -> 
  custom:container-demuxer-webm: 4f35f7cbe854078d1ac9338744f61a02 -> 
  custom:container-demuxer-ogg: 62fdf1f143b41e24485cea50d1cbac27 -> 
  custom:video-encoder-webm-vp8: eb34c28f22e8b96e1ab97ce403110664 -> 
  custom:video-decoder-webm-vp8: 9c59270c3fd7afecdb556c50c9e8de78 -> 
  custom:audio-decoder-ogg-vorbis: bf7c407c2cedff20999df2af8eb42d56 -> 
  custom:audio-encoder-webm-vorbis: bf7c407c2cedff20999df2af8eb42d56 -> 
========================================================================
Received Import Request.
  Time since last request: 2398.050675 seconds.
  path: Assets/Scripts/Board/GamePieceSpawner.cs
  artifactKey: Guid(bbee205494ee8434290b628ece4fe6d1) Importer(815301076,1909f56bfc062723c751e8b465ee728b)
Start importing Assets/Scripts/Board/GamePieceSpawner.cs using Guid(bbee205494ee8434290b628ece4fe6d1) Importer(815301076,1909f56bfc062723c751e8b465ee728b)  -> (artifact id: 'cf0b96eb7b8462f94ddc3d7e76e6f14f') in 0.004177 seconds 
  Import took 0.006288 seconds .

AssetImportWorkerClient::OnTransportError - code=2 error=End of file
